<?xml version="1.0" encoding="UTF-8"?>
<testsuite xmlns:xsi="http://www.w3.org/2001/XMLSchema-instance" xsi:noNamespaceSchemaLocation="https://maven.apache.org/surefire/maven-surefire-plugin/xsd/surefire-test-report.xsd" name="com.philips.ps.prs.telemetrydata.service.TelemetryDataServiceImplTest" time="0.681" tests="5" errors="0" skipped="0" failures="0">
  <properties>
[...]
</properties>
  <testcase name="insertTelemetryDataTests" classname="com.philips.ps.prs.telemetrydata.service.TelemetryDataServiceImplTest" time="0.224"/>
  <testcase name="insertTelemetryDataTestsFail" classname="com.philips.ps.prs.telemetrydata.service.TelemetryDataServiceImplTest" time="0.016"/>
  <testcase name="getTelemetryDataTestsFail" classname="com.philips.ps.prs.telemetrydata.service.TelemetryDataServiceImplTest" time="0.033"/>
  <testcase name="getTelemetryDataTestsFailStatus" classname="com.philips.ps.prs.telemetrydata.service.TelemetryDataServiceImplTest" time="0.142"/>
  <testcase name="getTelemetryDataTests" classname="com.philips.ps.prs.telemetrydata.service.TelemetryDataServiceImplTest" time="0.09"/>
</testsuite>